빌드 시작: 2016-08-11 오후 5:12:40
     1>2 노드의 "C:\Users\Bitcamp\documents\visual studio 2010\Projects\숙제1\숙제1.vcxproj" 프로젝트(build 대상)입니다.
     1>InitializeBuildStatus:
         "AlwaysCreate"이(가) 지정되었기 때문에 "Debug\숙제1.unsuccessfulbuild"을(를) 만들고 있습니다.
       ClCompile:
         C:\Program Files (x86)\Microsoft Visual Studio 10.0\VC\bin\CL.exe /c /ZI /nologo /W3 /WX- /Od /Oy- /D WIN32 /D _DEBUG /D _CONSOLE /D _UNICODE /D UNICODE /Gm /EHsc /RTC1 /MDd /GS /fp:precise /Zc:wchar_t /Zc:forScope /Fo"Debug\\" /Fd"Debug\vc100.pdb" /Gd /TP /analyze- /errorReport:prompt "숙제1.cpp"
         숙제1.cpp
     1>c:\users\bitcamp\documents\visual studio 2010\projects\숙제1\숙제1.cpp(4): warning C4101: 'a' :참조되지 않은 지역 변수입니다.
     1>c:\users\bitcamp\documents\visual studio 2010\projects\숙제1\숙제1.cpp(5): warning C4101: 'b' :참조되지 않은 지역 변수입니다.
     1>c:\users\bitcamp\documents\visual studio 2010\projects\숙제1\숙제1.cpp(5): warning C4101: 'c' :참조되지 않은 지역 변수입니다.
     1>c:\users\bitcamp\documents\visual studio 2010\projects\숙제1\숙제1.cpp(8): warning C4101: 'a' :참조되지 않은 지역 변수입니다.
     1>c:\users\bitcamp\documents\visual studio 2010\projects\숙제1\숙제1.cpp(8): warning C4101: 'b' :참조되지 않은 지역 변수입니다.
     1>c:\users\bitcamp\documents\visual studio 2010\projects\숙제1\숙제1.cpp(9): warning C4101: 'd' :참조되지 않은 지역 변수입니다.
     1>c:\users\bitcamp\documents\visual studio 2010\projects\숙제1\숙제1.cpp(9): warning C4101: 'c' :참조되지 않은 지역 변수입니다.
     1>c:\users\bitcamp\documents\visual studio 2010\projects\숙제1\숙제1.cpp(9): warning C4101: 'e' :참조되지 않은 지역 변수입니다.
     1>c:\users\bitcamp\documents\visual studio 2010\projects\숙제1\숙제1.cpp(55): warning C4244: 'return' : 'double'에서 'float'(으)로 변환하면서 데이터가 손실될 수 있습니다.
     1>c:\users\bitcamp\documents\visual studio 2010\projects\숙제1\숙제1.cpp(59): warning C4996: 'scanf': This function or variable may be unsafe. Consider using scanf_s instead. To disable deprecation, use _CRT_SECURE_NO_WARNINGS. See online help for details.
                 c:\program files (x86)\microsoft visual studio 10.0\vc\include\stdio.h(304) : 'scanf' 선언을 참조하십시오.
     1>c:\users\bitcamp\documents\visual studio 2010\projects\숙제1\숙제1.cpp(68): warning C4244: 'return' : 'double'에서 'int'(으)로 변환하면서 데이터가 손실될 수 있습니다.
     1>c:\users\bitcamp\documents\visual studio 2010\projects\숙제1\숙제1.cpp(69): warning C4244: '초기화 중' : 'double'에서 'int'(으)로 변환하면서 데이터가 손실될 수 있습니다.
     1>c:\users\bitcamp\documents\visual studio 2010\projects\숙제1\숙제1.cpp(137): warning C4996: 'scanf': This function or variable may be unsafe. Consider using scanf_s instead. To disable deprecation, use _CRT_SECURE_NO_WARNINGS. See online help for details.
                 c:\program files (x86)\microsoft visual studio 10.0\vc\include\stdio.h(304) : 'scanf' 선언을 참조하십시오.
     1>c:\users\bitcamp\documents\visual studio 2010\projects\숙제1\숙제1.cpp(139): warning C4996: 'scanf': This function or variable may be unsafe. Consider using scanf_s instead. To disable deprecation, use _CRT_SECURE_NO_WARNINGS. See online help for details.
                 c:\program files (x86)\microsoft visual studio 10.0\vc\include\stdio.h(304) : 'scanf' 선언을 참조하십시오.
     1>c:\users\bitcamp\documents\visual studio 2010\projects\숙제1\숙제1.cpp(389): warning C4996: 'gets': This function or variable may be unsafe. Consider using gets_s instead. To disable deprecation, use _CRT_SECURE_NO_WARNINGS. See online help for details.
                 c:\program files (x86)\microsoft visual studio 10.0\vc\include\stdio.h(277) : 'gets' 선언을 참조하십시오.
     1>c:\users\bitcamp\documents\visual studio 2010\projects\숙제1\숙제1.cpp(426): warning C4996: 'scanf': This function or variable may be unsafe. Consider using scanf_s instead. To disable deprecation, use _CRT_SECURE_NO_WARNINGS. See online help for details.
                 c:\program files (x86)\microsoft visual studio 10.0\vc\include\stdio.h(304) : 'scanf' 선언을 참조하십시오.
     1>c:\users\bitcamp\documents\visual studio 2010\projects\숙제1\숙제1.cpp(429): warning C4996: 'scanf': This function or variable may be unsafe. Consider using scanf_s instead. To disable deprecation, use _CRT_SECURE_NO_WARNINGS. See online help for details.
                 c:\program files (x86)\microsoft visual studio 10.0\vc\include\stdio.h(304) : 'scanf' 선언을 참조하십시오.
     1>c:\users\bitcamp\documents\visual studio 2010\projects\숙제1\숙제1.cpp(479): warning C4996: 'scanf': This function or variable may be unsafe. Consider using scanf_s instead. To disable deprecation, use _CRT_SECURE_NO_WARNINGS. See online help for details.
                 c:\program files (x86)\microsoft visual studio 10.0\vc\include\stdio.h(304) : 'scanf' 선언을 참조하십시오.
       Link:
         C:\Program Files (x86)\Microsoft Visual Studio 10.0\VC\bin\link.exe /ERRORREPORT:PROMPT /OUT:"C:\Users\Bitcamp\documents\visual studio 2010\Projects\숙제1\Debug\숙제1.exe" /INCREMENTAL /NOLOGO kernel32.lib user32.lib gdi32.lib winspool.lib comdlg32.lib advapi32.lib shell32.lib ole32.lib oleaut32.lib uuid.lib odbc32.lib odbccp32.lib /MANIFEST /ManifestFile:"Debug\숙제1.exe.intermediate.manifest" /MANIFESTUAC:"level='asInvoker' uiAccess='false'" /DEBUG /PDB:"C:\Users\Bitcamp\documents\visual studio 2010\Projects\숙제1\Debug\숙제1.pdb" /SUBSYSTEM:CONSOLE /TLBID:1 /DYNAMICBASE /NXCOMPAT /IMPLIB:"C:\Users\Bitcamp\documents\visual studio 2010\Projects\숙제1\Debug\숙제1.lib" /MACHINE:X86 "Debug\숙제1.obj"
         숙제1.vcxproj -> C:\Users\Bitcamp\documents\visual studio 2010\Projects\숙제1\Debug\숙제1.exe
       Manifest:
         C:\Program Files (x86)\Microsoft SDKs\Windows\v7.0A\bin\mt.exe /nologo /verbose /out:"C:\Users\Bitcamp\documents\visual studio 2010\Projects\숙제1\Debug\숙제1.exe.manifest" /manifest "Debug\숙제1.exe.intermediate.manifest"
       FinalizeBuildStatus:
         "Debug\숙제1.unsuccessfulbuild" 파일을 삭제하고 있습니다.
         "Debug\숙제1.lastbuildstate"에 연결(touching)하고 있습니다.
     1>"C:\Users\Bitcamp\documents\visual studio 2010\Projects\숙제1\숙제1.vcxproj" 프로젝트를 빌드했습니다(build 대상).

빌드했습니다.

경과 시간: 00:00:00.42
